<?xml version="1.0" encoding="UTF-8"?>
<!-- Generated by org.testng.reporters.JUnitReportReporter -->
<testsuite skipped="0" hostname="DESKTOP-V8KH0U1" name="CompanyIQ.AutomationPractice" tests="1" failures="0" timestamp="12 Apr 2021 07:00:15 GMT" time="15.539" errors="0">
  <testcase name="test_101" time="15.539" classname="CompanyIQ.AutomationPractice"/>
</testsuite> <!-- CompanyIQ.AutomationPractice -->
